\BOOKMARK [0][-]{chapter.1}{Definici\363n del problema}{}% 1
\BOOKMARK [1][-]{section.1.1}{Definici\363n del problema}{chapter.1}% 2
\BOOKMARK [1][-]{section.1.2}{Objetivos}{chapter.1}% 3
\BOOKMARK [2][-]{subsection.1.2.1}{Objetivos Espec\355ficos}{section.1.2}% 4
\BOOKMARK [0][-]{chapter.2}{Estado del Arte}{}% 5
\BOOKMARK [1][-]{section.2.1}{Tecnolog\355as para posicionamiento indoor}{chapter.2}% 6
\BOOKMARK [2][-]{subsection.2.1.1}{Basado en Visi\363n}{section.2.1}% 7
\BOOKMARK [2][-]{subsection.2.1.2}{Infrarrojo}{section.2.1}% 8
\BOOKMARK [2][-]{subsection.2.1.3}{T\351cnicas basadas en Sonido}{section.2.1}% 9
\BOOKMARK [2][-]{subsection.2.1.4}{Wi-Fi}{section.2.1}% 10
\BOOKMARK [2][-]{subsection.2.1.5}{RFID}{section.2.1}% 11
\BOOKMARK [2][-]{subsection.2.1.6}{Bluetooth}{section.2.1}% 12
\BOOKMARK [2][-]{subsection.2.1.7}{Otras tecnolog\355as}{section.2.1}% 13
\BOOKMARK [2][-]{subsection.2.1.8}{Comparativa de tecnolog\355as Wireless}{section.2.1}% 14
\BOOKMARK [1][-]{section.2.2}{T\351cnicas matem\341ticas Wireless para localizaci\363n indoor}{chapter.2}% 15
\BOOKMARK [2][-]{subsection.2.2.1}{Proximidad}{section.2.2}% 16
\BOOKMARK [2][-]{subsection.2.2.2}{Triangulaci\363n}{section.2.2}% 17
\BOOKMARK [2][-]{subsection.2.2.3}{Fingerprint}{section.2.2}% 18
\BOOKMARK [3][-]{subsubsection.2.2.3.1}{Formulaci\363n del problema fingerprint}{subsection.2.2.3}% 19
\BOOKMARK [3][-]{subsubsection.2.2.3.2}{Acercamientos convencionales de fingerprint}{subsection.2.2.3}% 20
\BOOKMARK [3][-]{subsubsection.2.2.3.3}{Avances recientes en Fingerprint}{subsection.2.2.3}% 21
\BOOKMARK [0][-]{chapter.3}{Propuesta de soluci\363n}{}% 22
\BOOKMARK [1][-]{section.3.1}{Consideraciones Previas}{chapter.3}% 23
\BOOKMARK [2][-]{subsection.3.1.1}{Definici\363n de beacons bluetooth y sus protocolos}{section.3.1}% 24
\BOOKMARK [3][-]{subsubsection.3.1.1.1}{\277Como se comunican los Beacons?}{subsection.3.1.1}% 25
\BOOKMARK [3][-]{subsubsection.3.1.1.2}{\277Donde comenzo la tecnologia Beacon?}{subsection.3.1.1}% 26
\BOOKMARK [3][-]{subsubsection.3.1.1.3}{\277En donde pueden ser utilizados los Beacons?}{subsection.3.1.1}% 27
\BOOKMARK [3][-]{subsubsection.3.1.1.4}{Perfiles Beacon}{subsection.3.1.1}% 28
\BOOKMARK [1][-]{section.3.2}{Estabilidad de la se\361al Bluetooth}{chapter.3}% 29
\BOOKMARK [1][-]{section.3.3}{Evaluaci\363n y selecci\363n de Beacons Bluetooth}{chapter.3}% 30
\BOOKMARK [1][-]{section.3.4}{Algoritmos de Machine Learning}{chapter.3}% 31
\BOOKMARK [2][-]{subsection.3.4.1}{K-Nearest Neighbor}{section.3.4}% 32
\BOOKMARK [1][-]{section.3.5}{Support Vector Machines}{chapter.3}% 33
\BOOKMARK [1][-]{section.3.6}{Redes Neuronales y Deep learning}{chapter.3}% 34
\BOOKMARK [1][-]{section.3.7}{Descripci\363n del framework de posicionamiento}{chapter.3}% 35
\BOOKMARK [2][-]{subsection.3.7.1}{Fase Offline}{section.3.7}% 36
\BOOKMARK [2][-]{subsection.3.7.2}{Fase Online}{section.3.7}% 37
\BOOKMARK [0][-]{chapter.4}{Experimentaci\363n}{}% 38
\BOOKMARK [1][-]{section.4.1}{Beacons y configuraci\363n}{chapter.4}% 39
\BOOKMARK [1][-]{section.4.2}{Lugar de experimentacion}{chapter.4}% 40
\BOOKMARK [1][-]{section.4.3}{Software Utilizado}{chapter.4}% 41
\BOOKMARK [2][-]{subsection.4.3.1}{Descripci\363n de la aplicaci\363n}{section.4.3}% 42
\BOOKMARK [2][-]{subsection.4.3.2}{scikit-learn}{section.4.3}% 43
\BOOKMARK [1][-]{section.4.4}{ Tensorflow}{chapter.4}% 44
\BOOKMARK [1][-]{section.4.5}{Recolecci\363n de fingerprints}{chapter.4}% 45
\BOOKMARK [1][-]{section.4.6}{Visualizaci\363n de los datos obtenidos}{chapter.4}% 46
\BOOKMARK [1][-]{section.4.7}{Analisis PCA y LDA}{chapter.4}% 47
\BOOKMARK [1][-]{section.4.8}{Entrenamiento de clasificadores}{chapter.4}% 48
\BOOKMARK [1][-]{section.4.9}{Entrenamiento utilizando PCA}{chapter.4}% 49
\BOOKMARK [0][-]{chapter*.46}{Bibliograf\355a}{}% 50
\BOOKMARK [0][-]{appendix.Alph1}{LICENCIA}{}% 51
